This file contains any messages produced by compilers while
running configure, to aid debugging if configure makes a mistake.

It was created by configure, which was
generated by GNU Autoconf 2.68.  Invocation command line was

  $ ./configure 

## --------- ##
## Platform. ##
## --------- ##

hostname = bs-mbp79
uname -m = i386
uname -r = 10.8.0
uname -s = Darwin
uname -v = Darwin Kernel Version 10.8.0: Tue Jun  7 16:33:36 PDT 2011; root:xnu-1504.15.3~1/RELEASE_I386

/usr/bin/uname -p = i386
/bin/uname -X     = unknown

/bin/arch              = unknown
/usr/bin/arch -k       = unknown
/usr/convex/getsysinfo = unknown
/usr/bin/hostinfo      = Mach kernel version:
	 Darwin Kernel Version 10.8.0: Tue Jun  7 16:33:36 PDT 2011; root:xnu-1504.15.3~1/RELEASE_I386
Kernel configured for up to 2 processors.
2 processors are physically available.
2 processors are logically available.
Processor type: i486 (Intel 80486)
Processors active: 0 1
Primary memory available: 4.00 gigabytes
Default processor set: 98 tasks, 560 threads, 2 processors
Load average: 1.55, Mach factor: 0.92
/bin/machine           = unknown
/usr/bin/oslevel       = unknown
/bin/universe          = unknown

PATH: /Library/Frameworks/R.framework/Versions/2.11/Resources/bin
PATH: /usr/bin
PATH: /bin
PATH: /usr/sbin
PATH: /sbin


## ----------- ##
## Core tests. ##
## ----------- ##

configure:2163: checking for gcc
configure:2179: found /usr/bin/gcc
configure:2190: result: gcc
configure:2419: checking for C compiler version
configure:2428: gcc --version >&5
i686-apple-darwin10-gcc-4.2.1 (GCC) 4.2.1 (Apple Inc. build 5666) (dot 3)
Copyright (C) 2007 Free Software Foundation, Inc.
This is free software; see the source for copying conditions.  There is NO
warranty; not even for MERCHANTABILITY or FITNESS FOR A PARTICULAR PURPOSE.

configure:2439: $? = 0
configure:2428: gcc -v >&5
Using built-in specs.
Target: i686-apple-darwin10
Configured with: /var/tmp/gcc/gcc-5666.3~6/src/configure --disable-checking --enable-werror --prefix=/usr --mandir=/share/man --enable-languages=c,objc,c++,obj-c++ --program-transform-name=/^[cg][^.-]*$/s/$/-4.2/ --with-slibdir=/usr/lib --build=i686-apple-darwin10 --program-prefix=i686-apple-darwin10- --host=x86_64-apple-darwin10 --target=i686-apple-darwin10 --with-gxx-include-dir=/include/c++/4.2.1
Thread model: posix
gcc version 4.2.1 (Apple Inc. build 5666) (dot 3)
configure:2439: $? = 0
configure:2428: gcc -V >&5
gcc-4.2: argument to `-V' is missing
configure:2439: $? = 1
configure:2428: gcc -qversion >&5
i686-apple-darwin10-gcc-4.2.1: no input files
configure:2439: $? = 1
configure:2459: checking whether the C compiler works
configure:2481: gcc    conftest.c  >&5
configure:2485: $? = 0
configure:2533: result: yes
configure:2536: checking for C compiler default output file name
configure:2538: result: a.out
configure:2544: checking for suffix of executables
configure:2551: gcc -o conftest    conftest.c  >&5
configure:2555: $? = 0
configure:2577: result: 
configure:2599: checking whether we are cross compiling
configure:2607: gcc -o conftest    conftest.c  >&5
configure:2611: $? = 0
configure:2618: ./conftest
configure:2622: $? = 0
configure:2637: result: no
configure:2642: checking for suffix of object files
configure:2664: gcc -c   conftest.c >&5
configure:2668: $? = 0
configure:2689: result: o
configure:2693: checking whether we are using the GNU C compiler
configure:2712: gcc -c   conftest.c >&5
configure:2712: $? = 0
configure:2721: result: yes
configure:2730: checking whether gcc accepts -g
configure:2750: gcc -c -g  conftest.c >&5
configure:2750: $? = 0
configure:2791: result: yes
configure:2808: checking for gcc option to accept ISO C89
configure:2872: gcc  -c -g -O2  conftest.c >&5
configure:2872: $? = 0
configure:2885: result: none needed
configure:2906: checking for gzeof in -lz
configure:2931: gcc -o conftest -g -O2   conftest.c -lz   >&5
configure:2931: $? = 0
configure:2940: result: yes
configure:2957: checking for bzero
configure:2957: gcc -o conftest -g -O2   conftest.c -lz  >&5
conftest.c:33: warning: conflicting types for built-in function 'bzero'
configure:2957: $? = 0
configure:2957: result: yes
configure:2957: checking for memset
configure:2957: gcc -o conftest -g -O2   conftest.c -lz  >&5
conftest.c:34: warning: conflicting types for built-in function 'memset'
configure:2957: $? = 0
configure:2957: result: yes
configure:2957: checking for pow
configure:2957: gcc -o conftest -g -O2   conftest.c -lz  >&5
conftest.c:35: warning: conflicting types for built-in function 'pow'
configure:2957: $? = 0
configure:2957: result: yes
configure:2957: checking for sqrt
configure:2957: gcc -o conftest -g -O2   conftest.c -lz  >&5
conftest.c:36: warning: conflicting types for built-in function 'sqrt'
configure:2957: $? = 0
configure:2957: result: yes
configure:2957: checking for strcasecmp
configure:2957: gcc -o conftest -g -O2   conftest.c -lz  >&5
conftest.c:37: warning: conflicting types for built-in function 'strcasecmp'
configure:2957: $? = 0
configure:2957: result: yes
configure:2957: checking for strdup
configure:2957: gcc -o conftest -g -O2   conftest.c -lz  >&5
conftest.c:38: warning: conflicting types for built-in function 'strdup'
configure:2957: $? = 0
configure:2957: result: yes
configure:2957: checking for strstr
configure:2957: gcc -o conftest -g -O2   conftest.c -lz  >&5
conftest.c:39: warning: conflicting types for built-in function 'strstr'
configure:2957: $? = 0
configure:2957: result: yes
configure:2957: checking for strtol
configure:2957: gcc -o conftest -g -O2   conftest.c -lz  >&5
configure:2957: $? = 0
configure:2957: result: yes
configure:2971: checking how to run the C preprocessor
configure:3002: gcc -E  conftest.c
configure:3002: $? = 0
configure:3016: gcc -E  conftest.c
conftest.c:18:28: error: ac_nonexistent.h: No such file or directory
configure:3016: $? = 1
configure: failed program was:
| /* confdefs.h */
| #define PACKAGE_NAME ""
| #define PACKAGE_TARNAME ""
| #define PACKAGE_VERSION ""
| #define PACKAGE_STRING ""
| #define PACKAGE_BUGREPORT ""
| #define PACKAGE_URL ""
| #define HAVE_LIBZ 1
| #define HAVE_BZERO 1
| #define HAVE_MEMSET 1
| #define HAVE_POW 1
| #define HAVE_SQRT 1
| #define HAVE_STRCASECMP 1
| #define HAVE_STRDUP 1
| #define HAVE_STRSTR 1
| #define HAVE_STRTOL 1
| /* end confdefs.h.  */
| #include <ac_nonexistent.h>
configure:3041: result: gcc -E
configure:3061: gcc -E  conftest.c
configure:3061: $? = 0
configure:3075: gcc -E  conftest.c
conftest.c:18:28: error: ac_nonexistent.h: No such file or directory
configure:3075: $? = 1
configure: failed program was:
| /* confdefs.h */
| #define PACKAGE_NAME ""
| #define PACKAGE_TARNAME ""
| #define PACKAGE_VERSION ""
| #define PACKAGE_STRING ""
| #define PACKAGE_BUGREPORT ""
| #define PACKAGE_URL ""
| #define HAVE_LIBZ 1
| #define HAVE_BZERO 1
| #define HAVE_MEMSET 1
| #define HAVE_POW 1
| #define HAVE_SQRT 1
| #define HAVE_STRCASECMP 1
| #define HAVE_STRDUP 1
| #define HAVE_STRSTR 1
| #define HAVE_STRTOL 1
| /* end confdefs.h.  */
| #include <ac_nonexistent.h>
configure:3104: checking for grep that handles long lines and -e
configure:3162: result: /usr/bin/grep
configure:3167: checking for egrep
configure:3229: result: /usr/bin/grep -E
configure:3234: checking for ANSI C header files
configure:3254: gcc -c -g -O2  conftest.c >&5
configure:3254: $? = 0
configure:3327: gcc -o conftest -g -O2   conftest.c -lz  >&5
configure:3327: $? = 0
configure:3327: ./conftest
configure:3327: $? = 0
configure:3338: result: yes
configure:3351: checking for sys/types.h
configure:3351: gcc -c -g -O2  conftest.c >&5
configure:3351: $? = 0
configure:3351: result: yes
configure:3351: checking for sys/stat.h
configure:3351: gcc -c -g -O2  conftest.c >&5
configure:3351: $? = 0
configure:3351: result: yes
configure:3351: checking for stdlib.h
configure:3351: gcc -c -g -O2  conftest.c >&5
configure:3351: $? = 0
configure:3351: result: yes
configure:3351: checking for string.h
configure:3351: gcc -c -g -O2  conftest.c >&5
configure:3351: $? = 0
configure:3351: result: yes
configure:3351: checking for memory.h
configure:3351: gcc -c -g -O2  conftest.c >&5
configure:3351: $? = 0
configure:3351: result: yes
configure:3351: checking for strings.h
configure:3351: gcc -c -g -O2  conftest.c >&5
configure:3351: $? = 0
configure:3351: result: yes
configure:3351: checking for inttypes.h
configure:3351: gcc -c -g -O2  conftest.c >&5
configure:3351: $? = 0
configure:3351: result: yes
configure:3351: checking for stdint.h
configure:3351: gcc -c -g -O2  conftest.c >&5
configure:3351: $? = 0
configure:3351: result: yes
configure:3351: checking for unistd.h
configure:3351: gcc -c -g -O2  conftest.c >&5
configure:3351: $? = 0
configure:3351: result: yes
configure:3366: checking zlib.h usability
configure:3366: gcc -c -g -O2  conftest.c >&5
configure:3366: $? = 0
configure:3366: result: yes
configure:3366: checking zlib.h presence
configure:3366: gcc -E  conftest.c
configure:3366: $? = 0
configure:3366: result: yes
configure:3366: checking for zlib.h
configure:3366: result: yes
configure:3366: checking fcntl.h usability
configure:3366: gcc -c -g -O2  conftest.c >&5
configure:3366: $? = 0
configure:3366: result: yes
configure:3366: checking fcntl.h presence
configure:3366: gcc -E  conftest.c
configure:3366: $? = 0
configure:3366: result: yes
configure:3366: checking for fcntl.h
configure:3366: result: yes
configure:3366: checking malloc.h usability
configure:3366: gcc -c -g -O2  conftest.c >&5
conftest.c:63:20: error: malloc.h: No such file or directory
configure:3366: $? = 1
configure: failed program was:
| /* confdefs.h */
| #define PACKAGE_NAME ""
| #define PACKAGE_TARNAME ""
| #define PACKAGE_VERSION ""
| #define PACKAGE_STRING ""
| #define PACKAGE_BUGREPORT ""
| #define PACKAGE_URL ""
| #define HAVE_LIBZ 1
| #define HAVE_BZERO 1
| #define HAVE_MEMSET 1
| #define HAVE_POW 1
| #define HAVE_SQRT 1
| #define HAVE_STRCASECMP 1
| #define HAVE_STRDUP 1
| #define HAVE_STRSTR 1
| #define HAVE_STRTOL 1
| #define STDC_HEADERS 1
| #define HAVE_SYS_TYPES_H 1
| #define HAVE_SYS_STAT_H 1
| #define HAVE_STDLIB_H 1
| #define HAVE_STRING_H 1
| #define HAVE_MEMORY_H 1
| #define HAVE_STRINGS_H 1
| #define HAVE_INTTYPES_H 1
| #define HAVE_STDINT_H 1
| #define HAVE_UNISTD_H 1
| #define HAVE_ZLIB_H 1
| #define HAVE_FCNTL_H 1
| /* end confdefs.h.  */
| #include <stdio.h>
| #ifdef HAVE_SYS_TYPES_H
| # include <sys/types.h>
| #endif
| #ifdef HAVE_SYS_STAT_H
| # include <sys/stat.h>
| #endif
| #ifdef STDC_HEADERS
| # include <stdlib.h>
| # include <stddef.h>
| #else
| # ifdef HAVE_STDLIB_H
| #  include <stdlib.h>
| # endif
| #endif
| #ifdef HAVE_STRING_H
| # if !defined STDC_HEADERS && defined HAVE_MEMORY_H
| #  include <memory.h>
| # endif
| # include <string.h>
| #endif
| #ifdef HAVE_STRINGS_H
| # include <strings.h>
| #endif
| #ifdef HAVE_INTTYPES_H
| # include <inttypes.h>
| #endif
| #ifdef HAVE_STDINT_H
| # include <stdint.h>
| #endif
| #ifdef HAVE_UNISTD_H
| # include <unistd.h>
| #endif
| #include <malloc.h>
configure:3366: result: no
configure:3366: checking malloc.h presence
configure:3366: gcc -E  conftest.c
conftest.c:30:20: error: malloc.h: No such file or directory
configure:3366: $? = 1
configure: failed program was:
| /* confdefs.h */
| #define PACKAGE_NAME ""
| #define PACKAGE_TARNAME ""
| #define PACKAGE_VERSION ""
| #define PACKAGE_STRING ""
| #define PACKAGE_BUGREPORT ""
| #define PACKAGE_URL ""
| #define HAVE_LIBZ 1
| #define HAVE_BZERO 1
| #define HAVE_MEMSET 1
| #define HAVE_POW 1
| #define HAVE_SQRT 1
| #define HAVE_STRCASECMP 1
| #define HAVE_STRDUP 1
| #define HAVE_STRSTR 1
| #define HAVE_STRTOL 1
| #define STDC_HEADERS 1
| #define HAVE_SYS_TYPES_H 1
| #define HAVE_SYS_STAT_H 1
| #define HAVE_STDLIB_H 1
| #define HAVE_STRING_H 1
| #define HAVE_MEMORY_H 1
| #define HAVE_STRINGS_H 1
| #define HAVE_INTTYPES_H 1
| #define HAVE_STDINT_H 1
| #define HAVE_UNISTD_H 1
| #define HAVE_ZLIB_H 1
| #define HAVE_FCNTL_H 1
| /* end confdefs.h.  */
| #include <malloc.h>
configure:3366: result: no
configure:3366: checking for malloc.h
configure:3366: result: no
configure:3366: checking stddef.h usability
configure:3366: gcc -c -g -O2  conftest.c >&5
configure:3366: $? = 0
configure:3366: result: yes
configure:3366: checking stddef.h presence
configure:3366: gcc -E  conftest.c
configure:3366: $? = 0
configure:3366: result: yes
configure:3366: checking for stddef.h
configure:3366: result: yes
configure:3376: checking for ptrdiff_t
configure:3376: gcc -c -g -O2  conftest.c >&5
configure:3376: $? = 0
configure:3376: gcc -c -g -O2  conftest.c >&5
conftest.c: In function 'main':
conftest.c:67: error: expected expression before ')' token
configure:3376: $? = 1
configure: failed program was:
| /* confdefs.h */
| #define PACKAGE_NAME ""
| #define PACKAGE_TARNAME ""
| #define PACKAGE_VERSION ""
| #define PACKAGE_STRING ""
| #define PACKAGE_BUGREPORT ""
| #define PACKAGE_URL ""
| #define HAVE_LIBZ 1
| #define HAVE_BZERO 1
| #define HAVE_MEMSET 1
| #define HAVE_POW 1
| #define HAVE_SQRT 1
| #define HAVE_STRCASECMP 1
| #define HAVE_STRDUP 1
| #define HAVE_STRSTR 1
| #define HAVE_STRTOL 1
| #define STDC_HEADERS 1
| #define HAVE_SYS_TYPES_H 1
| #define HAVE_SYS_STAT_H 1
| #define HAVE_STDLIB_H 1
| #define HAVE_STRING_H 1
| #define HAVE_MEMORY_H 1
| #define HAVE_STRINGS_H 1
| #define HAVE_INTTYPES_H 1
| #define HAVE_STDINT_H 1
| #define HAVE_UNISTD_H 1
| #define HAVE_ZLIB_H 1
| #define HAVE_FCNTL_H 1
| #define HAVE_STDDEF_H 1
| /* end confdefs.h.  */
| #include <stdio.h>
| #ifdef HAVE_SYS_TYPES_H
| # include <sys/types.h>
| #endif
| #ifdef HAVE_SYS_STAT_H
| # include <sys/stat.h>
| #endif
| #ifdef STDC_HEADERS
| # include <stdlib.h>
| # include <stddef.h>
| #else
| # ifdef HAVE_STDLIB_H
| #  include <stdlib.h>
| # endif
| #endif
| #ifdef HAVE_STRING_H
| # if !defined STDC_HEADERS && defined HAVE_MEMORY_H
| #  include <memory.h>
| # endif
| # include <string.h>
| #endif
| #ifdef HAVE_STRINGS_H
| # include <strings.h>
| #endif
| #ifdef HAVE_INTTYPES_H
| # include <inttypes.h>
| #endif
| #ifdef HAVE_STDINT_H
| # include <stdint.h>
| #endif
| #ifdef HAVE_UNISTD_H
| # include <unistd.h>
| #endif
| int
| main ()
| {
| if (sizeof ((ptrdiff_t)))
| 	    return 0;
|   ;
|   return 0;
| }
configure:3376: result: yes
configure:3386: checking for an ANSI C-conforming const
configure:3451: gcc -c -g -O2  conftest.c >&5
configure:3451: $? = 0
configure:3458: result: yes
configure:3466: checking for inline
configure:3482: gcc -c -g -O2  conftest.c >&5
configure:3482: $? = 0
configure:3490: result: inline
configure:3508: checking for _LARGEFILE_SOURCE value needed for large files
configure:3527: gcc -o conftest -g -O2   conftest.c -lz  >&5
configure:3527: $? = 0
configure:3555: result: no
configure:3578: checking for stdlib.h
configure:3578: result: yes
configure:3588: checking for GNU libc compatible malloc
configure:3612: gcc -o conftest -g -O2   conftest.c -lz  >&5
configure:3612: $? = 0
configure:3612: ./conftest
configure:3612: $? = 0
configure:3622: result: yes
configure:3643: checking for working memcmp
configure:3686: gcc -o conftest -g -O2   conftest.c -lz  >&5
configure:3686: $? = 0
configure:3686: ./conftest
configure:3686: $? = 0
configure:3696: result: yes
configure:3707: checking for stdlib.h
configure:3707: result: yes
configure:3717: checking for GNU libc compatible realloc
configure:3741: gcc -o conftest -g -O2   conftest.c -lz  >&5
configure:3741: $? = 0
configure:3741: ./conftest
configure:3741: $? = 0
configure:3751: result: yes
configure:3772: checking for stdbool.h that conforms to C99
configure:3839: gcc -c -g -O2  conftest.c >&5
configure:3839: $? = 0
configure:3846: result: yes
configure:3848: checking for _Bool
configure:3848: gcc -c -g -O2  conftest.c >&5
configure:3848: $? = 0
configure:3848: gcc -c -g -O2  conftest.c >&5
conftest.c: In function 'main':
conftest.c:73: error: expected expression before ')' token
configure:3848: $? = 1
configure: failed program was:
| /* confdefs.h */
| #define PACKAGE_NAME ""
| #define PACKAGE_TARNAME ""
| #define PACKAGE_VERSION ""
| #define PACKAGE_STRING ""
| #define PACKAGE_BUGREPORT ""
| #define PACKAGE_URL ""
| #define HAVE_LIBZ 1
| #define HAVE_BZERO 1
| #define HAVE_MEMSET 1
| #define HAVE_POW 1
| #define HAVE_SQRT 1
| #define HAVE_STRCASECMP 1
| #define HAVE_STRDUP 1
| #define HAVE_STRSTR 1
| #define HAVE_STRTOL 1
| #define STDC_HEADERS 1
| #define HAVE_SYS_TYPES_H 1
| #define HAVE_SYS_STAT_H 1
| #define HAVE_STDLIB_H 1
| #define HAVE_STRING_H 1
| #define HAVE_MEMORY_H 1
| #define HAVE_STRINGS_H 1
| #define HAVE_INTTYPES_H 1
| #define HAVE_STDINT_H 1
| #define HAVE_UNISTD_H 1
| #define HAVE_ZLIB_H 1
| #define HAVE_FCNTL_H 1
| #define HAVE_STDDEF_H 1
| #define HAVE_PTRDIFF_T 1
| #define HAVE_FSEEKO 1
| #define HAVE_STDLIB_H 1
| #define HAVE_MALLOC 1
| #define HAVE_STDLIB_H 1
| #define HAVE_REALLOC 1
| /* end confdefs.h.  */
| #include <stdio.h>
| #ifdef HAVE_SYS_TYPES_H
| # include <sys/types.h>
| #endif
| #ifdef HAVE_SYS_STAT_H
| # include <sys/stat.h>
| #endif
| #ifdef STDC_HEADERS
| # include <stdlib.h>
| # include <stddef.h>
| #else
| # ifdef HAVE_STDLIB_H
| #  include <stdlib.h>
| # endif
| #endif
| #ifdef HAVE_STRING_H
| # if !defined STDC_HEADERS && defined HAVE_MEMORY_H
| #  include <memory.h>
| # endif
| # include <string.h>
| #endif
| #ifdef HAVE_STRINGS_H
| # include <strings.h>
| #endif
| #ifdef HAVE_INTTYPES_H
| # include <inttypes.h>
| #endif
| #ifdef HAVE_STDINT_H
| # include <stdint.h>
| #endif
| #ifdef HAVE_UNISTD_H
| # include <unistd.h>
| #endif
| int
| main ()
| {
| if (sizeof ((_Bool)))
| 	    return 0;
|   ;
|   return 0;
| }
configure:3848: result: yes
configure:3864: checking for off_t
configure:3864: gcc -c -g -O2  conftest.c >&5
configure:3864: $? = 0
configure:3864: gcc -c -g -O2  conftest.c >&5
conftest.c: In function 'main':
conftest.c:75: error: expected expression before ')' token
configure:3864: $? = 1
configure: failed program was:
| /* confdefs.h */
| #define PACKAGE_NAME ""
| #define PACKAGE_TARNAME ""
| #define PACKAGE_VERSION ""
| #define PACKAGE_STRING ""
| #define PACKAGE_BUGREPORT ""
| #define PACKAGE_URL ""
| #define HAVE_LIBZ 1
| #define HAVE_BZERO 1
| #define HAVE_MEMSET 1
| #define HAVE_POW 1
| #define HAVE_SQRT 1
| #define HAVE_STRCASECMP 1
| #define HAVE_STRDUP 1
| #define HAVE_STRSTR 1
| #define HAVE_STRTOL 1
| #define STDC_HEADERS 1
| #define HAVE_SYS_TYPES_H 1
| #define HAVE_SYS_STAT_H 1
| #define HAVE_STDLIB_H 1
| #define HAVE_STRING_H 1
| #define HAVE_MEMORY_H 1
| #define HAVE_STRINGS_H 1
| #define HAVE_INTTYPES_H 1
| #define HAVE_STDINT_H 1
| #define HAVE_UNISTD_H 1
| #define HAVE_ZLIB_H 1
| #define HAVE_FCNTL_H 1
| #define HAVE_STDDEF_H 1
| #define HAVE_PTRDIFF_T 1
| #define HAVE_FSEEKO 1
| #define HAVE_STDLIB_H 1
| #define HAVE_MALLOC 1
| #define HAVE_STDLIB_H 1
| #define HAVE_REALLOC 1
| #define HAVE__BOOL 1
| #define HAVE_STDBOOL_H 1
| /* end confdefs.h.  */
| #include <stdio.h>
| #ifdef HAVE_SYS_TYPES_H
| # include <sys/types.h>
| #endif
| #ifdef HAVE_SYS_STAT_H
| # include <sys/stat.h>
| #endif
| #ifdef STDC_HEADERS
| # include <stdlib.h>
| # include <stddef.h>
| #else
| # ifdef HAVE_STDLIB_H
| #  include <stdlib.h>
| # endif
| #endif
| #ifdef HAVE_STRING_H
| # if !defined STDC_HEADERS && defined HAVE_MEMORY_H
| #  include <memory.h>
| # endif
| # include <string.h>
| #endif
| #ifdef HAVE_STRINGS_H
| # include <strings.h>
| #endif
| #ifdef HAVE_INTTYPES_H
| # include <inttypes.h>
| #endif
| #ifdef HAVE_STDINT_H
| # include <stdint.h>
| #endif
| #ifdef HAVE_UNISTD_H
| # include <unistd.h>
| #endif
| int
| main ()
| {
| if (sizeof ((off_t)))
| 	    return 0;
|   ;
|   return 0;
| }
configure:3864: result: yes
configure:3875: checking for size_t
configure:3875: gcc -c -g -O2  conftest.c >&5
configure:3875: $? = 0
configure:3875: gcc -c -g -O2  conftest.c >&5
conftest.c: In function 'main':
conftest.c:75: error: expected expression before ')' token
configure:3875: $? = 1
configure: failed program was:
| /* confdefs.h */
| #define PACKAGE_NAME ""
| #define PACKAGE_TARNAME ""
| #define PACKAGE_VERSION ""
| #define PACKAGE_STRING ""
| #define PACKAGE_BUGREPORT ""
| #define PACKAGE_URL ""
| #define HAVE_LIBZ 1
| #define HAVE_BZERO 1
| #define HAVE_MEMSET 1
| #define HAVE_POW 1
| #define HAVE_SQRT 1
| #define HAVE_STRCASECMP 1
| #define HAVE_STRDUP 1
| #define HAVE_STRSTR 1
| #define HAVE_STRTOL 1
| #define STDC_HEADERS 1
| #define HAVE_SYS_TYPES_H 1
| #define HAVE_SYS_STAT_H 1
| #define HAVE_STDLIB_H 1
| #define HAVE_STRING_H 1
| #define HAVE_MEMORY_H 1
| #define HAVE_STRINGS_H 1
| #define HAVE_INTTYPES_H 1
| #define HAVE_STDINT_H 1
| #define HAVE_UNISTD_H 1
| #define HAVE_ZLIB_H 1
| #define HAVE_FCNTL_H 1
| #define HAVE_STDDEF_H 1
| #define HAVE_PTRDIFF_T 1
| #define HAVE_FSEEKO 1
| #define HAVE_STDLIB_H 1
| #define HAVE_MALLOC 1
| #define HAVE_STDLIB_H 1
| #define HAVE_REALLOC 1
| #define HAVE__BOOL 1
| #define HAVE_STDBOOL_H 1
| /* end confdefs.h.  */
| #include <stdio.h>
| #ifdef HAVE_SYS_TYPES_H
| # include <sys/types.h>
| #endif
| #ifdef HAVE_SYS_STAT_H
| # include <sys/stat.h>
| #endif
| #ifdef STDC_HEADERS
| # include <stdlib.h>
| # include <stddef.h>
| #else
| # ifdef HAVE_STDLIB_H
| #  include <stdlib.h>
| # endif
| #endif
| #ifdef HAVE_STRING_H
| # if !defined STDC_HEADERS && defined HAVE_MEMORY_H
| #  include <memory.h>
| # endif
| # include <string.h>
| #endif
| #ifdef HAVE_STRINGS_H
| # include <strings.h>
| #endif
| #ifdef HAVE_INTTYPES_H
| # include <inttypes.h>
| #endif
| #ifdef HAVE_STDINT_H
| # include <stdint.h>
| #endif
| #ifdef HAVE_UNISTD_H
| # include <unistd.h>
| #endif
| int
| main ()
| {
| if (sizeof ((size_t)))
| 	    return 0;
|   ;
|   return 0;
| }
configure:3875: result: yes
configure:4039: creating ./config.status

## ---------------------- ##
## Running config.status. ##
## ---------------------- ##

This file was extended by config.status, which was
generated by GNU Autoconf 2.68.  Invocation command line was

  CONFIG_FILES    = 
  CONFIG_HEADERS  = 
  CONFIG_LINKS    = 
  CONFIG_COMMANDS = 
  $ ./config.status 

on bs-mbp79

config.status:737: creating src/Makevars

## ---------------- ##
## Cache variables. ##
## ---------------- ##

ac_cv_c_compiler_gnu=yes
ac_cv_c_const=yes
ac_cv_c_inline=inline
ac_cv_env_CC_set=
ac_cv_env_CC_value=
ac_cv_env_CFLAGS_set=
ac_cv_env_CFLAGS_value=
ac_cv_env_CPPFLAGS_set=
ac_cv_env_CPPFLAGS_value=
ac_cv_env_CPP_set=
ac_cv_env_CPP_value=
ac_cv_env_LDFLAGS_set=
ac_cv_env_LDFLAGS_value=
ac_cv_env_LIBS_set=
ac_cv_env_LIBS_value=
ac_cv_env_build_alias_set=
ac_cv_env_build_alias_value=
ac_cv_env_host_alias_set=
ac_cv_env_host_alias_value=
ac_cv_env_target_alias_set=
ac_cv_env_target_alias_value=
ac_cv_func_bzero=yes
ac_cv_func_malloc_0_nonnull=yes
ac_cv_func_memcmp_working=yes
ac_cv_func_memset=yes
ac_cv_func_pow=yes
ac_cv_func_realloc_0_nonnull=yes
ac_cv_func_sqrt=yes
ac_cv_func_strcasecmp=yes
ac_cv_func_strdup=yes
ac_cv_func_strstr=yes
ac_cv_func_strtol=yes
ac_cv_header_fcntl_h=yes
ac_cv_header_inttypes_h=yes
ac_cv_header_malloc_h=no
ac_cv_header_memory_h=yes
ac_cv_header_stdbool_h=yes
ac_cv_header_stdc=yes
ac_cv_header_stddef_h=yes
ac_cv_header_stdint_h=yes
ac_cv_header_stdlib_h=yes
ac_cv_header_string_h=yes
ac_cv_header_strings_h=yes
ac_cv_header_sys_stat_h=yes
ac_cv_header_sys_types_h=yes
ac_cv_header_unistd_h=yes
ac_cv_header_zlib_h=yes
ac_cv_lib_z_gzeof=yes
ac_cv_objext=o
ac_cv_path_EGREP='/usr/bin/grep -E'
ac_cv_path_GREP=/usr/bin/grep
ac_cv_prog_CPP='gcc -E'
ac_cv_prog_ac_ct_CC=gcc
ac_cv_prog_cc_c89=
ac_cv_prog_cc_g=yes
ac_cv_sys_largefile_source=no
ac_cv_type__Bool=yes
ac_cv_type_off_t=yes
ac_cv_type_ptrdiff_t=yes
ac_cv_type_size_t=yes

## ----------------- ##
## Output variables. ##
## ----------------- ##

CC='gcc'
CFLAGS='-g -O2'
CPP='gcc -E'
CPPFLAGS=''
DEFS='-DPACKAGE_NAME=\"\" -DPACKAGE_TARNAME=\"\" -DPACKAGE_VERSION=\"\" -DPACKAGE_STRING=\"\" -DPACKAGE_BUGREPORT=\"\" -DPACKAGE_URL=\"\" -DHAVE_LIBZ=1 -DHAVE_BZERO=1 -DHAVE_MEMSET=1 -DHAVE_POW=1 -DHAVE_SQRT=1 -DHAVE_STRCASECMP=1 -DHAVE_STRDUP=1 -DHAVE_STRSTR=1 -DHAVE_STRTOL=1 -DSTDC_HEADERS=1 -DHAVE_SYS_TYPES_H=1 -DHAVE_SYS_STAT_H=1 -DHAVE_STDLIB_H=1 -DHAVE_STRING_H=1 -DHAVE_MEMORY_H=1 -DHAVE_STRINGS_H=1 -DHAVE_INTTYPES_H=1 -DHAVE_STDINT_H=1 -DHAVE_UNISTD_H=1 -DHAVE_ZLIB_H=1 -DHAVE_FCNTL_H=1 -DHAVE_STDDEF_H=1 -DHAVE_PTRDIFF_T=1 -DHAVE_FSEEKO=1 -DHAVE_STDLIB_H=1 -DHAVE_MALLOC=1 -DHAVE_STDLIB_H=1 -DHAVE_REALLOC=1 -DHAVE__BOOL=1 -DHAVE_STDBOOL_H=1'
ECHO_C='\c'
ECHO_N=''
ECHO_T=''
EGREP='/usr/bin/grep -E'
EXEEXT=''
GREP='/usr/bin/grep'
LDFLAGS=''
LIBOBJS=''
LIBS='-lz '
LTLIBOBJS=''
OBJEXT='o'
PACKAGE_BUGREPORT=''
PACKAGE_NAME=''
PACKAGE_STRING=''
PACKAGE_TARNAME=''
PACKAGE_URL=''
PACKAGE_VERSION=''
PATH_SEPARATOR=':'
SHELL='/bin/sh'
ac_ct_CC='gcc'
bindir='${exec_prefix}/bin'
build_alias=''
datadir='${datarootdir}'
datarootdir='${prefix}/share'
docdir='${datarootdir}/doc/${PACKAGE}'
dvidir='${docdir}'
exec_prefix='${prefix}'
host_alias=''
htmldir='${docdir}'
includedir='${prefix}/include'
infodir='${datarootdir}/info'
libdir='${exec_prefix}/lib'
libexecdir='${exec_prefix}/libexec'
localedir='${datarootdir}/locale'
localstatedir='${prefix}/var'
mandir='${datarootdir}/man'
oldincludedir='/usr/include'
pdfdir='${docdir}'
prefix='/usr/local'
program_transform_name='s,x,x,'
psdir='${docdir}'
sbindir='${exec_prefix}/sbin'
sharedstatedir='${prefix}/com'
sysconfdir='${prefix}/etc'
target_alias=''

## ----------- ##
## confdefs.h. ##
## ----------- ##

/* confdefs.h */
#define PACKAGE_NAME ""
#define PACKAGE_TARNAME ""
#define PACKAGE_VERSION ""
#define PACKAGE_STRING ""
#define PACKAGE_BUGREPORT ""
#define PACKAGE_URL ""
#define HAVE_LIBZ 1
#define HAVE_BZERO 1
#define HAVE_MEMSET 1
#define HAVE_POW 1
#define HAVE_SQRT 1
#define HAVE_STRCASECMP 1
#define HAVE_STRDUP 1
#define HAVE_STRSTR 1
#define HAVE_STRTOL 1
#define STDC_HEADERS 1
#define HAVE_SYS_TYPES_H 1
#define HAVE_SYS_STAT_H 1
#define HAVE_STDLIB_H 1
#define HAVE_STRING_H 1
#define HAVE_MEMORY_H 1
#define HAVE_STRINGS_H 1
#define HAVE_INTTYPES_H 1
#define HAVE_STDINT_H 1
#define HAVE_UNISTD_H 1
#define HAVE_ZLIB_H 1
#define HAVE_FCNTL_H 1
#define HAVE_STDDEF_H 1
#define HAVE_PTRDIFF_T 1
#define HAVE_FSEEKO 1
#define HAVE_STDLIB_H 1
#define HAVE_MALLOC 1
#define HAVE_STDLIB_H 1
#define HAVE_REALLOC 1
#define HAVE__BOOL 1
#define HAVE_STDBOOL_H 1

configure: exit 0
